"../../../../../../UnrealProjects/FPS_Game/Content/Challenges/BlackHole/M_BlackHole.uasset" 0
"../../../Engine/Content/EditorMeshes/EditorSphere.uasset" 1
"../../../../../../UnrealProjects/FPS_Game/Content/Challenges/BlackHole/BP_BlackHole.uasset" 2
"../../../../../../UnrealProjects/FPS_Game/Content/Character/Textures/UE4_LOGO_CARD.uasset" 3
"../../../../../../UnrealProjects/FPS_Game/Content/Effects/Textures/T_Flame_Tile.uasset" 4
"../../../../../../UnrealProjects/FPS_Game/Content/Effects/Textures/T_MeshFire_Mask.uasset" 5
"../../../../../../UnrealProjects/FPS_Game/Content/Effects/Materials/gold_ore_effect.uasset" 6
"../../../../../../UnrealProjects/FPS_Game/Content/Effects/Textures/sunflare.uasset" 7
"../../../../../../UnrealProjects/FPS_Game/Content/Effects/Materials/m_flare_03.uasset" 8
"../../../../../../UnrealProjects/FPS_Game/Content/Effects/Textures/clouds_dust_detail_01.uasset" 9
"../../../../../../UnrealProjects/FPS_Game/Content/Effects/Materials/M_wind_swirl_02.uasset" 10
"../../../../../../UnrealProjects/FPS_Game/Content/Effects/Meshes/S_SandSwirl.uasset" 11
"../../../../../../UnrealProjects/FPS_Game/Content/Effects/gold_ore_appearance.uasset" 12
"../../../../../../UnrealProjects/FPS_Game/Content/Effects/Textures/T_Fire_tile.uasset" 13
"../../../../../../UnrealProjects/FPS_Game/Content/Effects/Materials/gold_ore_circle2.uasset" 14
"../../../../../../UnrealProjects/FPS_Game/Content/Effects/Textures/M_Volumetric_Streaks.uasset" 15
"../../../../../../UnrealProjects/FPS_Game/Content/Effects/Materials/M_single_ray_01.uasset" 16
"../../../../../../UnrealProjects/FPS_Game/Content/Effects/gold_ore_aura.uasset" 17
"../../../../../../UnrealProjects/FPS_Game/Content/Effects/gold_ore_lost.uasset" 18
"../../../Engine/Content/Functions/Engine_MaterialFunctions01/Opacity/CameraDepthFade.uasset" 19
"../../../Engine/Content/EngineMaterials/T_Default_Material_Grid_M.uasset" 20
"../../../Engine/Content/EngineMaterials/T_Default_Material_Grid_N.uasset" 21
"../../../Engine/Content/EngineMaterials/WorldGridMaterial.uasset" 22
"../../../../../../UnrealProjects/FPS_Game/Content/Effects/Textures/round_mask.uasset" 23
"../../../../../../UnrealProjects/FPS_Game/Content/Effects/Textures/T_Smoke2_Tile.uasset" 24
"../../../../../../UnrealProjects/FPS_Game/Content/Effects/Materials/Coin2.uasset" 25
"../../../../../../UnrealProjects/FPS_Game/Content/Effects/Meshes/SM_plane_pivot_down.uasset" 26
"../../../../../../UnrealProjects/FPS_Game/Content/Effects/gold_ore_received.uasset" 27
"../../../../../../UnrealProjects/FPS_Game/Content/UI/FirstPersonCrosshair.uasset" 28
"../../../../../../UnrealProjects/FPS_Game/Content/Weapon/SK_FPGun_PhysicsAsset.uasset" 29
"../../../Engine/Content/Animation/DefaultAnimCurveCompressionSettings.uasset" 30
"../../../Engine/Content/ArtTools/RenderToTexture/Meshes/S_1_Unit_Plane.uasset" 31
"../../../Engine/Content/EngineMaterials/DefaultMaterial.uasset" 32
"../../../Engine/Content/BasicShapes/Cone.uasset" 33
"../../../Engine/Content/BasicShapes/Cylinder.uasset" 34
"../../../Engine/Content/BasicShapes/Sphere.uasset" 35
"../../../Engine/Content/EditorLandscapeResources/DataLayer.uasset" 36
"../../../Engine/Content/EditorMaterials/MAT_Groups_Toggle.uasset" 37
"../../../Engine/Content/EditorMaterials/MAT_Groups_Visibility.uasset" 38
"../../../Engine/Content/EditorMaterials/PreviewShadowIndicator.uasset" 39
"../../../Engine/Content/EditorMaterials/PreviewShadowIndicatorMaterial.uasset" 40
"../../../Engine/Content/EditorMaterials/MatineeGroups/MAT_ColorTrack.uasset" 41
"../../../Engine/Content/EditorMaterials/MatineeGroups/MAT_Groups_Anim.uasset" 42
"../../../Engine/Content/EditorMaterials/MatineeGroups/MAT_Groups_AudioMaster.uasset" 43
"../../../Engine/Content/EditorMaterials/MatineeGroups/MAT_Groups_Director.uasset" 44
"../../../Engine/Content/EditorMaterials/MatineeGroups/MAT_Groups_Event.uasset" 45
"../../../Engine/Content/EditorMaterials/MatineeGroups/MAT_Groups_Fade.uasset" 46
"../../../Engine/Content/EditorMaterials/MatineeGroups/MAT_Groups_Float.uasset" 47
"../../../Engine/Content/EditorMaterials/MatineeGroups/MAT_Groups_Move.uasset" 48
"../../../Engine/Content/EditorMaterials/MatineeGroups/MAT_Groups_Slomo.uasset" 49
"../../../Engine/Content/EditorMaterials/MatineeGroups/MAT_Groups_Sound.uasset" 50
"../../../Engine/Content/EditorMaterials/MatineeGroups/MAT_Groups_Vector.uasset" 51
"../../../Engine/Content/EditorMaterials/ParticleSystems/PSysThumbnail_NoImage.uasset" 52
"../../../Engine/Content/EditorMaterials/ParticleSystems/PSysThumbnail_OOD.uasset" 53
"../../../Engine/Content/EditorMaterials/Camera/CineMat.uasset" 54
"../../../Engine/Content/EditorMaterials/Camera/MI_CineMat_Rig.uasset" 55
"../../../Engine/Content/EditorMeshes/Camera/SM_CraneRig_Arm.uasset" 56
"../../../Engine/Content/EditorMeshes/Camera/SM_CraneRig_Base.uasset" 57
"../../../Engine/Content/EditorMeshes/Camera/SM_CraneRig_Body.uasset" 58
"../../../Engine/Content/EditorMeshes/Camera/SM_CraneRig_Mount.uasset" 59
"../../../Engine/Content/EditorMeshes/Camera/SM_RailRig_Mount.uasset" 60
"../../../Engine/Content/EditorMeshes/Camera/SM_RailRig_Track.uasset" 61
"../../../Engine/Content/EditorResources/BSPVertex.uasset" 62
"../../../Engine/Content/EditorResources/EmptyActor.uasset" 63
"../../../Engine/Content/EditorResources/S_Actor.uasset" 64
"../../../Engine/Content/EditorResources/S_Note.uasset" 65
"../../../Engine/Content/EditorResources/S_Solver.uasset" 66
"../../../Engine/Content/EditorResources/S_Trigger.uasset" 67
"../../../Engine/Content/EditorResources/LightIcons/S_LightError.uasset" 68
"../../../Engine/Content/EditorResources/SequenceRecorder/Countdown.uasset" 69
"../../../Engine/Content/EditorResources/SequenceRecorder/RecordingIndicator.uasset" 70
"../../../Engine/Content/EditorSounds/Notifications/CompileFailed.uasset" 71
"../../../Engine/Content/EditorSounds/Notifications/CompileFailed_Cue.uasset" 72
"../../../Engine/Content/EditorSounds/Notifications/CompileSuccess.uasset" 73
"../../../Engine/Content/EditorSounds/Notifications/CompileStart_Cue.uasset" 74
"../../../Engine/Content/EditorSounds/Notifications/CompileSuccess_Cue.uasset" 75
"../../../Engine/Content/EngineDamageTypes/DmgTypeBP_Environmental.uasset" 76
"../../../Engine/Content/EngineDebugMaterials/DebugEditorMaterial.uasset" 77
"../../../Engine/Content/EngineDebugMaterials/DebugMeshMaterial.uasset" 78
"../../../Engine/Content/EngineDebugMaterials/M_SimpleTranslucent.uasset" 79
"../../../Engine/Content/Functions/Engine_MaterialFunctions02/Utility/CameraDirectionVector.uasset" 80
"../../../Engine/Content/EngineDebugMaterials/VolumeToRender.uasset" 81
"../../../Engine/Content/EngineDebugMaterials/M_VolumeRenderSphereTracePP.uasset" 82
"../../../Engine/Content/EngineDebugMaterials/WireframeMaterial.uasset" 83
"../../../Engine/Content/EngineFonts/Faces/DroidSansFallback.uasset" 84
"../../../Engine/Content/EngineFonts/Faces/RobotoBold.uasset" 85
"../../../Engine/Content/EngineFonts/Faces/RobotoBoldItalic.uasset" 86
"../../../Engine/Content/EngineFonts/Faces/RobotoItalic.uasset" 87
"../../../Engine/Content/EngineFonts/Faces/RobotoLight.uasset" 88
"../../../Engine/Content/EngineFonts/Faces/RobotoRegular.uasset" 89
"../../../Engine/Content/EngineFonts/Roboto.uasset" 90
"../../../Engine/Content/EngineMaterials/BaseFlattenDiffuseMap.uasset" 91
"../../../Engine/Content/EngineMaterials/BaseFlattenEmissiveMap.uasset" 92
"../../../Engine/Content/EngineMaterials/BaseFlattenGrayscaleMap.uasset" 93
"../../../Engine/Content/EngineMaterials/BaseFlattenNormalMap.uasset" 94
"../../../Engine/Content/EngineMaterials/BaseFlattenMaterial.uasset" 95
"../../../Engine/Content/EngineMaterials/BlueNoise.uasset" 96
"../../../Engine/Content/EngineMaterials/DefaultBloomKernel.uasset" 97
"../../../Engine/Content/EngineMaterials/DefaultBokeh.uasset" 98
"../../../Engine/Content/EngineMaterials/DefaultDiffuse.uasset" 99
"../../../Engine/Content/EngineMaterials/DefaultDeferredDecalMaterial.uasset" 100
"../../../Engine/Content/EngineMaterials/DefaultLightFunctionMaterial.uasset" 101
"../../../Engine/Content/EngineMaterials/DefaultPhysicalMaterial.uasset" 102
"../../../Engine/Content/Functions/Engine_MaterialFunctions02/Utility/BreakOutFloat2Components.uasset" 103
"../../../Engine/Content/EngineMaterials/DefaultPostProcessMaterial.uasset" 104
"../../../Engine/Content/EngineFonts/RobotoDistanceField.uasset" 105
"../../../Engine/Content/EngineMaterials/DefaultTextMaterialOpaque.uasset" 106
"../../../Engine/Content/EngineMaterials/DefaultVirtualTextureMaterial.uasset" 107
"../../../Engine/Content/EngineMaterials/DefaultWhiteGrid.uasset" 108
"../../../Engine/Content/EngineMaterials/DefaultWhiteGrid_Low.uasset" 109
"../../../Engine/Content/EngineMaterials/EmissiveMeshMaterial.uasset" 110
"../../../Engine/Content/EngineMaterials/GizmoMaterial.uasset" 111
"../../../Engine/Content/EngineMaterials/Good64x64TilingNoiseHighFreq.uasset" 112
"../../../Engine/Content/EngineMaterials/HairDefaultMaterial.uasset" 113
"../../../Engine/Content/EngineMaterials/MiniFont.uasset" 114
"../../../Engine/Content/EngineMaterials/InvalidLightmapSettings.uasset" 115
"../../../Engine/Content/EngineMaterials/M_InvalidLightmapSettings.uasset" 116
"../../../Engine/Content/Functions/Engine_MaterialFunctions02/WorldPositionOffset/CameraOffset.uasset" 117
"../../../Engine/Content/EngineMaterials/PhAT_JointLimitMaterial.uasset" 118
"../../../Engine/Content/EngineMaterials/PreintegratedSkinBRDF.uasset" 119
"../../../Engine/Content/EngineMaterials/RemoveSurfaceMaterial.uasset" 120
"../../../Engine/Content/EngineMaterials/WeightMapPlaceholderTexture.uasset" 121
"../../../Engine/Content/EngineResources/WhiteSquareTexture.uasset" 122
"../../../Engine/Content/EngineMaterials/Widget3DPassThrough.uasset" 123
"../../../Engine/Content/EngineMaterials/Widget3DPassThrough_Masked.uasset" 124
"../../../Engine/Content/EngineMaterials/Widget3DPassThrough_Opaque.uasset" 125
"../../../Engine/Content/EngineMaterials/Widget3DPassThrough_Masked_OneSided.uasset" 126
"../../../Engine/Content/EngineMaterials/Widget3DPassThrough_Opaque_OneSided.uasset" 127
"../../../Engine/Content/EngineMaterials/Widget3DPassThrough_Translucent.uasset" 128
"../../../Engine/Content/EngineMaterials/Widget3DPassThrough_Translucent_OneSided.uasset" 129
"../../../Engine/Content/EngineMeshes/Cylinder.uasset" 130
"../../../Engine/Content/EngineMeshes/Sphere.uasset" 131
"../../../Engine/Content/EngineResources/Black.uasset" 132
"../../../Engine/Content/EngineResources/DefaultTexture.uasset" 133
"../../../Engine/Content/EngineResources/DefaultTextureCube.uasset" 134
"../../../Engine/Content/EngineResources/DefaultVolumeTexture2D.uasset" 135
"../../../Engine/Content/EngineResources/DefaultVolumeTexture.uasset" 136
"../../../Engine/Content/EngineResources/GradientTexture0.uasset" 137
"../../../Engine/Content/EngineSounds/Master.uasset" 138
"../../../Engine/Content/Functions/Engine_MaterialFunctions01/Shading/ConvertFromDiffSpec.uasset" 139
"../../../Engine/Content/Functions/Engine_MaterialFunctions01/Shading/PowerToRoughness.uasset" 140
"../../../Engine/Content/Maps/Templates/Thumbnails/Default.uasset" 141
"../../../Engine/Content/Maps/Templates/Thumbnails/TimeOfDay.uasset" 142
"../../../Engine/Content/Maps/Templates/Thumbnails/VR-Basic.uasset" 143
"../../../Engine/Content/MobileResources/T_MobileControls_texture.uasset" 144
"../../../Engine/Content/MobileResources/T_MobileMenu2.uasset" 145
"../../../Engine/Content/MobileResources/HUD/AnalogHat.uasset" 146
"../../../Engine/Content/MobileResources/HUD/VirtualJoystick_Background.uasset" 147
"../../../Engine/Content/MobileResources/HUD/VirtualJoystick_Thumb.uasset" 148
"../../../Engine/Content/MobileResources/HUD/DefaultVirtualJoysticks.uasset" 149
"../../../Engine/Content/MobileResources/HUD/LeftVirtualJoystickOnly.uasset" 150
"../../../Engine/Content/MobileResources/HUD/MobileHUDButton1_off.uasset" 151
"../../../Engine/Content/MobileResources/HUD/MobileHUDButton1_on.uasset" 152
"../../../Engine/Content/MobileResources/HUD/MobileHUDButton2_off.uasset" 153
"../../../Engine/Content/MobileResources/HUD/MobileHUDButton2_on.uasset" 154
"../../../Engine/Content/MobileResources/HUD/MobileHUDButton3.uasset" 155
"../../../Engine/Content/MobileResources/HUD/MobileHUDButtonFire.uasset" 156
"../../../Engine/Content/MobileResources/HUD/MobileHUDDirectionPad.uasset" 157
"../../../Engine/Content/MobileResources/HUD/MobileHUDDirectionPad2.uasset" 158
"../../../Engine/Content/MobileResources/HUD/MobileHUDDirectionPad3.uasset" 159
"../../../Engine/Content/MobileResources/HUD/MobileHUDDirectionStick.uasset" 160
"../../../Engine/Content/MobileResources/HUD/T_Castle_ThumbstickInner.uasset" 161
"../../../Engine/Content/MobileResources/HUD/T_Castle_ThumbstickOutter.uasset" 162
"../../../Engine/Content/Tutorial/ContentIntroCurve.uasset" 163
"../../../Engine/Content/Tutorial/Basics/LevelEditorAttract.uasset" 164
"../../../Engine/Content/Tutorial/Basics/TutorialAssets/icon_tab_Levels_40x.uasset" 165
"../../../Engine/Content/Tutorial/Basics/LevelEditorOverview.uasset" 166
"../../../Engine/Content/Tutorial/BlueprintTutorials/TutorialAssets/Blueprint_64x.uasset" 167
"../../../Engine/Content/Tutorial/BlueprintTutorials/BlueprintEditorTutorial.uasset" 168
"../../../Engine/Content/Tutorial/BlueprintTutorials/TutorialAssets/BlueprintMacroLibrary_64x.uasset" 169
"../../../Engine/Content/Tutorial/BlueprintTutorials/BlueprintMacroLibrariesEditorOverview.uasset" 170
"../../../Engine/Content/Tutorial/BlueprintTutorials/LevelBlueprintEditorOverview.uasset" 171
"../../../Engine/Content/Tutorial/BlueprintTutorials/TutorialAssets/Tutorial_BP_MacroLib.uasset" 172
"../../../Engine/Content/Tutorial/Installation/InstallingVisualStudioTutorial.uasset" 173
"../../../Engine/Content/Tutorial/SubEditors/GettingSubstance.uasset" 174
"../../../Engine/Content/Tutorial/SubEditors/MaterialEditorTutorial.uasset" 175
"../../../Engine/Content/Tutorial/SubEditors/TutorialAssets/TutorialMaterial.uasset" 176
"../../../Engine/Content/VREditor/LaserPointer/VR_LaserPower_01.uasset" 177
"../../../Engine/Content/VREditor/TransformGizmo/TransformGizmoMaterial.uasset" 178
"../../../Engine/Content/VREditor/TransformGizmo/TranslucentTransformGizmoMaterial.uasset" 179
"../../../Engine/Content/VREditor/TransformGizmo/BoundingBoxCorner.uasset" 180
"../../../Engine/Content/VREditor/TransformGizmo/BoundingBoxEdge.uasset" 181
"../../../Engine/Content/VREditor/TransformGizmo/PlaneTranslationHandle.uasset" 182
"../../../Engine/Content/VREditor/TransformGizmo/Main.uasset" 183
"../../../Engine/Content/VREditor/TransformGizmo/Xray.uasset" 184
"../../../Engine/Content/VREditor/TransformGizmo/SM_Sequencer_Key.uasset" 185
"../../../Engine/Content/VREditor/TransformGizmo/SM_Sequencer_Node.uasset" 186
"../../Plugins/2D/Paper2D/Content/PlaceholderTextures/DummySpriteTexture.uasset" 187
"../../Plugins/2D/Paper2D/Content/DummySprite.uasset" 188
"../../Plugins/2D/Paper2D/Content/DefaultPaperTerrainMaterial.uasset" 189
"../../Plugins/2D/Paper2D/Content/DummySpriteTexture.uasset" 190
"../../Plugins/2D/Paper2D/Content/DefaultSpriteMaterial.uasset" 191
"../../Plugins/2D/Paper2D/Content/MaskedUnlitSpriteMaterial.uasset" 192
"../../Plugins/2D/Paper2D/Content/OpaqueUnlitSpriteMaterial.uasset" 193
"../../../Engine/Content/Functions/Engine_MaterialFunctions02/Utility/BreakOutFloat4Components.uasset" 194
"../../../Engine/Content/Functions/Engine_MaterialFunctions02/Utility/MakeFloat2.uasset" 195
"../../../Engine/Content/Functions/Engine_MaterialFunctions02/Utility/MakeFloat3.uasset" 196
"../../Plugins/Runtime/Oculus/OculusVR/Content/Materials/OculusMR_ChromaKey.uasset" 197
"../../Plugins/Runtime/Oculus/OculusVR/Content/Materials/OculusMR_ChromaKey_Lit.uasset" 198
"../../Plugins/Runtime/Oculus/OculusVR/Content/Materials/OculusMR_OpaqueColoredMaterial.uasset" 199
"../../Plugins/Runtime/Oculus/OculusVR/Content/Materials/OculusMR_WhiteMaterial.uasset" 200
"../../../../../../UnrealProjects/FPS_Game/Content/Characters/DwarfGrunt/SkelMesh/DwarfGrunt_R_new_Skeleton.uasset" 201
"../../../../../../UnrealProjects/FPS_Game/Content/Characters/DwarfGrunt/Anims/Idle_1_new.uasset" 202
"../../../../../../UnrealProjects/FPS_Game/Content/Characters/DwarfGrunt/Textures/T_Dwarf_Grunt_Blue_D.uasset" 203
"../../../../../../UnrealProjects/FPS_Game/Content/Characters/DwarfGrunt/Textures/T_Dwarf_Grunt_M.uasset" 204
"../../../../../../UnrealProjects/FPS_Game/Content/Characters/DwarfGrunt/Textures/T_Dwarf_Grunt_N.uasset" 205
"../../../../../../UnrealProjects/FPS_Game/Content/Characters/DwarfGrunt/Materials/M_Dwarf_Grunt.uasset" 206
"../../../../../../UnrealProjects/FPS_Game/Content/Characters/DwarfGrunt/Textures/T_Dwarf_Grunt_Equipment_Blue_D.uasset" 207
"../../../../../../UnrealProjects/FPS_Game/Content/Characters/DwarfGrunt/Textures/T_Dwarf_Grunt_Equipment_Blue_N.uasset" 208
"../../../../../../UnrealProjects/FPS_Game/Content/Characters/DwarfGrunt/Textures/T_Dwarf_Grunt_Equipment_M.uasset" 209
"../../../../../../UnrealProjects/FPS_Game/Content/Characters/DwarfGrunt/Materials/Dwarf_Grunt_Equipment_Blue_MIC.uasset" 210
"../../../../../../UnrealProjects/FPS_Game/Content/Characters/DwarfGrunt/SkelMesh/DwarfGrunt_R_new.uasset" 211
"../../../../../../UnrealProjects/FPS_Game/Content/UI/WBP_GuardState.uasset" 212
"../../../../../../UnrealProjects/FPS_Game/Content/Blueprints/BP_Guard.uasset" 213
"../../../../../../UnrealProjects/FPS_Game/Content/Materials/T_DevPatterns.uasset" 214
"../../../../../../UnrealProjects/FPS_Game/Content/Materials/M_SpawnBox.uasset" 215
"../../../../../../UnrealProjects/FPS_Game/Content/Materials/M_SpawnBox_Inst.uasset" 216
"../../../../../../UnrealProjects/FPS_Game/Content/Blueprints/BP_ExtractionZone.uasset" 217
"../../../Engine/Content/EngineFonts/Faces/DroidSansMono.uasset" 218
"../../../Engine/Content/EngineFonts/DroidSansMono.uasset" 219
"../../../../../../UnrealProjects/FPS_Game/Content/UI/WBP_ObjectiveInfo.uasset" 220
"../../../../../../UnrealProjects/FPS_Game/Content/Blueprints/BP_HUD.uasset" 221
"../../../../../../UnrealProjects/FPS_Game/Content/UI/WBP_GameOver.uasset" 222
"../../../../../../UnrealProjects/FPS_Game/Content/Blueprints/BP_PlayerController.uasset" 223
"../../../Engine/Content/EditorResources/MatineeCam_D.uasset" 224
"../../../Engine/Content/EditorMaterials/MatineeCam_mat.uasset" 225
"../../../Engine/Content/EditorMeshes/MatineeCam_SM.uasset" 226
"../../../../../../UnrealProjects/FPS_Game/Content/Blueprints/BP_SpectatingViewpoint.uasset" 227
"../../../../../../UnrealProjects/FPS_Game/Content/Blueprints/BP_GameMode.uasset" 228
"../../../Engine/Content/Functions/Engine_MaterialFunctions02/Utility/Sine_Remapped.uasset" 229
"../../../../../../UnrealProjects/FPS_Game/Content/Materials/M_Objectivce.uasset" 230
"../../../../../../UnrealProjects/FPS_Game/Content/Effects/Textures/T_Burst_M.uasset" 231
"../../../../../../UnrealProjects/FPS_Game/Content/Effects/Materials/M_Burst.uasset" 232
"../../../../../../UnrealProjects/FPS_Game/Content/Effects/Textures/T_Explosion_SubUV.uasset" 233
"../../../../../../UnrealProjects/FPS_Game/Content/Effects/Materials/M_explosion_subUV.uasset" 234
"../../../../../../UnrealProjects/FPS_Game/Content/Effects/Materials/m_flare_01.uasset" 235
"../../../Engine/Content/Functions/Engine_MaterialFunctions01/Gradient/RadialGradient.uasset" 236
"../../../../../../UnrealProjects/FPS_Game/Content/Effects/Materials/M_radial_ramp.uasset" 237
"../../../../../../UnrealProjects/FPS_Game/Content/Effects/Textures/T_Smoke_SubUV.uasset" 238
"../../../../../../UnrealProjects/FPS_Game/Content/Effects/Textures/T_Smoke_Tiled_D.uasset" 239
"../../../../../../UnrealProjects/FPS_Game/Content/Effects/Materials/M_smoke_subUV.uasset" 240
"../../../../../../UnrealProjects/FPS_Game/Content/Effects/P_Explosion.uasset" 241
"../../../../../../UnrealProjects/FPS_Game/Content/Blueprints/BP_Objective.uasset" 242
"../../../../../../UnrealProjects/FPS_Game/Content/Maps/FirstPersonExampleMap_BuiltData.uasset" 243
"../../../Engine/Content/Functions/Engine_MaterialFunctions03/Procedurals/ComputeFilterWidth.uasset" 244
"../../../../../../UnrealProjects/FPS_Game/Content/Environment/AntiAliasedTextMaterialTranslucent_Glow.uasset" 245
"../../../../../../UnrealProjects/FPS_Game/Content/Environment/MF_WorldUVs.uasset" 246
"../../../Engine/Content/VREditor/BasicMeshes/T_CleanFloorGrunge_01_D.uasset" 247
"../../../../../../UnrealProjects/FPS_Game/Content/Environment/M_Blockout.uasset" 248
"../../../../../../UnrealProjects/FPS_Game/Content/Environment/MI_BlockoutBasic.uasset" 249
"../../../../../../UnrealProjects/FPS_Game/Content/Environment/M_Cube.uasset" 250
"../../../../../../UnrealProjects/FPS_Game/Content/Environment/Shape_Cube.uasset" 251
"../../../../../../UnrealProjects/FPS_Game/Content/Maps/FirstPersonExampleMap.umap" 252
"../../../../../../UnrealProjects/FPS_Game/Content/Character/Mesh/SK_Mannequin_Arms_Skeleton.uasset" 253
"../../../../../../UnrealProjects/FPS_Game/Content/Animations/FirstPerson_Idle.uasset" 254
"../../../../../../UnrealProjects/FPS_Game/Content/Animations/FirstPerson_JumpEnd.uasset" 255
"../../../../../../UnrealProjects/FPS_Game/Content/Animations/FirstPerson_JumpLoop.uasset" 256
"../../../../../../UnrealProjects/FPS_Game/Content/Animations/FirstPerson_JumpStart.uasset" 257
"../../../../../../UnrealProjects/FPS_Game/Content/Animations/FirstPerson_Run.uasset" 258
"../../../Engine/Content/EditorBlueprintResources/StandardMacros.uasset" 259
"../../../../../../UnrealProjects/FPS_Game/Content/Animations/FirstPerson_AnimBP.uasset" 260
"../../../../../../UnrealProjects/FPS_Game/Content/Animations/FirstPerson_Fire.uasset" 261
"../../../../../../UnrealProjects/FPS_Game/Content/Weapon/M_Projectile.uasset" 262
"../../../../../../UnrealProjects/FPS_Game/Content/Weapon/FirstPersonProjectileMesh.uasset" 263
"../../../../../../UnrealProjects/FPS_Game/Content/Blueprints/BP_Projectile.uasset" 264
"../../../../../../UnrealProjects/FPS_Game/Content/Audio/FirstPersonTemplateWeaponFire02.uasset" 265
"../../../../../../UnrealProjects/FPS_Game/Content/Character/Textures/UE4_Mannequin__normals.uasset" 266
"../../../../../../UnrealProjects/FPS_Game/Content/Character/Textures/UE4_Mannequin_MAT_MASKA.uasset" 267
"../../../../../../UnrealProjects/FPS_Game/Content/Character/M_PlayerArms.uasset" 268
"../../../../../../UnrealProjects/FPS_Game/Content/Character/Mesh/SK_Mannequin_Arms_PhysicsAsset.uasset" 269
"../../../../../../UnrealProjects/FPS_Game/Content/Character/Mesh/SK_Mannequin_Arms.uasset" 270
"../../../../../../UnrealProjects/FPS_Game/Content/Weapon/T_FPGun_M.uasset" 271
"../../../../../../UnrealProjects/FPS_Game/Content/Weapon/T_FPGun_N.uasset" 272
"../../../../../../UnrealProjects/FPS_Game/Content/Weapon/M_FPGun.uasset" 273
"../../../../../../UnrealProjects/FPS_Game/Content/Weapon/SK_FPGun_Skeleton.uasset" 274
"../../../../../../UnrealProjects/FPS_Game/Content/Weapon/SK_FPGun.uasset" 275
"../../../../../../UnrealProjects/FPS_Game/Content/Blueprints/BP_Player.uasset" 276
"../../../../../../UnrealProjects/FPS_Game/Content/Challenges/LaunchPad/T_Arrow.uasset" 277
"../../../../../../UnrealProjects/FPS_Game/Content/Challenges/LaunchPad/M_LaunchPad.uasset" 278
"../../../../../../UnrealProjects/FPS_Game/Content/Challenges/LaunchPad/M_LaunchpadBase.uasset" 279
"../../../Engine/Content/BasicShapes/Cube.uasset" 280
"../../../Engine/Content/EditorMeshes/EditorPlane.uasset" 281
"../../../../../../UnrealProjects/FPS_Game/Content/Challenges/LaunchPad/BP_LaunchPAd.uasset" 282
"../../../../../../UnrealProjects/FPS_Game/Content/Maps/FirstPersonExampleMap1_BuiltData.uasset" 283
"../../../Engine/Content/BasicShapes/BasicShapeMaterial.uasset" 284
"../../../Engine/Content/BasicShapes/Plane.uasset" 285
"../../../../../../UnrealProjects/FPS_Game/Content/Maps/FirstPersonExampleMap1.umap" 286
"../../../Engine/Content/Maps/Entry_BuiltData.uasset" 287
"../../../Engine/Content/Maps/Entry.umap" 288
